Arguments: 
  /Users/zhaohaosheng/.nvm/versions/node/v19.6.1/bin/node /Users/zhaohaosheng/.cache/node/corepack/yarn/1.22.19/bin/yarn.js add chalk

PATH: 
  /Users/zhaohaosheng/.sdkman/candidates/java/current/bin:/Users/zhaohaosheng/.cargo/bin:/Users/zhaohaosheng/Library/pnpm:/Users/zhaohaosheng/.nvm/versions/node/v19.6.1/bin:/Users/zhaohaosheng/Applications/flutter/bin:/Users/zhaohaosheng/.vscode/extensions/stateful.runme-3.6.3-darwin-x64/bin:/Library/Frameworks/Python.framework/Versions/3.12/bin:/usr/bin:/bin:/usr/sbin:/sbin:/usr/local/bin:/usr/X11/bin:/Users/zhaohaosheng/Library/Android/sdk/tools:/Users/zhaohaosheng/Library/Android/sdk/tools/bin:/Users/zhaohaosheng/Library/Android/sdk/platform-tools:/Users/zhaohaosheng/Library/Android/sdk/emulator

Yarn version: 
  1.22.19

Node version: 
  19.6.1

Platform: 
  darwin x64

Trace: 
  Error: EEXIST: file already exists, mkdir '/Users/zhaohaosheng/Documents/Electron/crawler_client1/node_modules/vue-cli-plugin-electron-builder/node_modules/@webassemblyjs'

npm manifest: 
  {
    "name": "crawler_client",
    "version": "0.1.0",
    "private": true,
    "keywords": [
      "爬虫",
      "electron爬虫"
    ],
    "scripts": {
      "serve": "vue-cli-service serve",
      "build": "vue-cli-service build",
      "lint": "vue-cli-service lint",
      "electron:build": "vue-cli-service electron:build",
      "electron:serve": "vue-cli-service electron:serve",
      "postinstall": "electron-builder install-app-deps",
      "postuninstall": "electron-builder install-app-deps"
    },
    "main": "background.js",
    "dependencies": {
      "axios": "^1.7.2",
      "blob-polyfill": "^7.0.20220408",
      "bootstrap": "^5.3.3",
      "core-js": "^3.8.3",
      "electron-store": "8.2.0",
      "element-plus": "^2.7.5",
      "express": "^4.19.2",
      "http-proxy-agent": "5.0.0",
      "https-proxy-agent": "5.0.1",
      "progress": "^2.0.3",
      "puppeteer": "^22.12.0",
      "vue": "^3.2.13",
      "xml2js": "^0.6.2"
    },
    "devDependencies": {
      "@babel/core": "^7.24.7",
      "@babel/eslint-parser": "^7.12.16",
      "@babel/plugin-proposal-optional-chaining": "^7.21.0",
      "@babel/preset-env": "^7.24.7",
      "@vue/cli-plugin-babel": "~5.0.0",
      "@vue/cli-plugin-eslint": "~5.0.0",
      "@vue/cli-service": "~5.0.0",
      "electron": "^31.0.2",
      "electron-devtools-installer": "^3.1.0",
      "eslint": "^7.32.0",
      "eslint-plugin-vue": "^8.0.3",
      "vue-cli-plugin-electron-builder": "~2.1.1"
    },
    "eslintConfig": {
      "root": true,
      "env": {
        "node": true
      },
      "extends": [
        "plugin:vue/vue3-essential",
        "eslint:recommended"
      ],
      "parserOptions": {
        "parser": "@babel/eslint-parser"
      },
      "rules": {}
    },
    "browserslist": [
      "> 1%",
      "last 2 versions",
      "not dead",
      "not ie 11"
    ]
  }

yarn manifest: 
  No manifest

Lockfile: 
  No lockfile
